20211104 22:20:40.333 [UI          ]pid@23936 (Message)>System:------------ App Start ------------
20211104 22:20:41.772 [UI          ]pid@23936 (Message)>System:系统加载参数成功
20211104 22:21:09.239 [UI          ]pid@23936 (Action )>Admin:登录成功!
20211104 22:21:12.500 [UI          ]pid@23936 (Action )>Admin:点击添加新检测规则..
20211104 22:21:23.357 [UI          ]pid@23936 (Action )>Admin:新检测规则添加成功：测试检测规则002
20211104 22:21:25.526 [UI          ]pid@23936 (Action )>Admin:点击修改检测规则..
20211104 22:21:29.363 [UI          ]pid@23936 (Action )>Admin:确认修改【测试检测规则002】检测规则
20211104 22:21:29.383 [UI          ]pid@23936 (Action )>Admin:修改检测规则关闭
20211104 22:21:31.377 [UI          ]pid@23936 (Action )>Admin:切换至产品设置页
20211104 22:21:34.891 [UI          ]pid@23936 (Action )>Admin:点击添加新产品..
20211104 22:21:49.470 [UI          ]pid@23936 (Action )>Admin:新产品添加成功：测试产品002
20211104 22:21:51.610 [UI          ]pid@23936 (Action )>Admin:点击修改产品..
20211104 22:21:51.612 [UI          ]pid@23936 (Message)>System:修改产品使能开启，用户现在可以修改第【14】项产品信息了
20211104 22:21:55.127 [UI          ]pid@23936 (Action )>Admin:确认修改【测试产品002】产品信息
20211104 22:21:59.477 [UI          ]pid@23936 (Action )>Admin:点击修改产品..
20211104 22:21:59.479 [UI          ]pid@23936 (Message)>System:修改产品使能开启，用户现在可以修改第【14】项产品信息了
20211104 22:22:02.187 [UI          ]pid@23936 (Action )>Admin:确认修改【测试产品002】产品信息
20211104 22:22:03.304 [UI          ]pid@23936 (Action )>Admin:切换至检测设置页
20211104 22:22:06.921 [UI          ]pid@23936 (Action )>Admin:删除检测规则【测试检测规则002】完成
20211104 22:22:08.877 [UI          ]pid@23936 (Action )>Admin:切换至产品检测页
20211104 22:22:09.806 [UI          ]pid@23936 (Action )>Admin:切换到: 操作记录视图
20211104 22:22:12.535 [UI          ]pid@23936 (Action )>Admin:点击导出记录，显示导出对话框
20211104 22:22:17.187 [UI          ]pid@23936 (Message)>System:开始导出记录，日期间隔1天(2021.11.03~2021.11.04)
20211104 22:22:17.753 [UI          ]pid@23936 (Message)>System:导出进度(0/1), 导出D:/20211104.pdf已完成，耗时558ms
20211104 22:22:17.761 [UI          ]pid@23936 (Message)>System:导出完成!!总耗时568ms 导出路径："D:/" 
20211104 22:22:22.739 [UI          ]pid@23936 (Action )>Admin:关闭软件
20211104 22:22:22.764 [UI          ]pid@23936 (Message)>System:------------ App End   ------------
