20220815 11:25:57.386 [UI          ]pid@22540 (Message)>System:------------ App Start ------------
20220815 11:25:58.079 [UI          ]pid@22540 (Message)>System:系统加载参数失败
20220815 11:25:58.414 [Camera      ]pid@22540 (Error  )>System:未发现任何相机接入!!
20220815 11:25:58.419 [Detect      ]pid@22540 (Message)>System:ExtProcess Server(Ext-Server.0) is listening..
20220815 11:25:59.028 [Detect      ]pid@22540 (Message)>System:socket server[Ext-Server.0] is connected
20220815 11:26:59.274 [UI          ]pid@22540 (Action )>Admin:登录成功!
20220815 11:27:01.634 [UI          ]pid@22540 (Action )>Admin:选择产品为: productname - 10ml
20220815 11:27:03.898 [UI          ]pid@22540 (Action )>Admin:输入产品批次为: 23
20220815 11:27:04.091 [UI          ]pid@22540 (Action )>Admin:启动检测..
20220815 11:27:04.798 [UI          ]pid@22540 (Message)>System:启动检测成功
20220815 11:27:11.500 [UI          ]pid@22540 (Action )>Admin:停止检测..
20220815 11:27:11.575 [UI          ]pid@22540 (Message)>System:停止检测成功
20220815 11:27:19.047 [UI          ]pid@22540 (Action )>Admin:切换到: 操作记录视图
20220815 13:44:56.568 [UI          ]pid@22540 (Action )>Admin:切换至产品检测页
20220815 13:44:58.818 [UI          ]pid@22540 (Action )>Admin:关闭了: 操作记录视图
20220815 13:52:08.317 [UI          ]pid@22540 (Action )>Admin:关闭软件
20220815 13:52:08.422 [UI          ]pid@22540 (Message)>System:------------ App End   ------------
20220815 13:53:35.404 [UI          ]pid@6244 (Message)>System:------------ App Start ------------
20220815 13:53:36.077 [UI          ]pid@6244 (Message)>System:系统加载参数失败
20220815 13:53:36.440 [Camera      ]pid@6244 (Error  )>System:未发现任何相机接入!!
20220815 13:53:36.445 [Detect      ]pid@6244 (Message)>System:ExtProcess Server(Ext-Server.0) is listening..
20220815 13:53:36.699 [Detect      ]pid@6244 (Message)>System:socket server[Ext-Server.0] is connected
20220815 13:53:54.894 [UI          ]pid@6244 (Action )>Admin:登录成功!
20220815 13:54:31.903 [UI          ]pid@6244 (Action )>Admin:切换到: 操作记录视图
20220815 13:56:25.578 [UI          ]pid@6244 (Action )>Admin:关闭软件
20220815 13:56:25.594 [UI          ]pid@6244 (Message)>System:------------ App End   ------------
20220815 13:56:36.625 [UI          ]pid@9876 (Message)>System:------------ App Start ------------
20220815 13:56:37.285 [UI          ]pid@9876 (Message)>System:系统加载参数失败
20220815 13:56:37.617 [Camera      ]pid@9876 (Error  )>System:未发现任何相机接入!!
20220815 13:56:37.621 [Detect      ]pid@9876 (Message)>System:ExtProcess Server(Ext-Server.0) is listening..
20220815 13:56:37.672 [Detect      ]pid@9876 (Message)>System:socket server[Ext-Server.0] is connected
20220815 13:56:52.932 [UI          ]pid@9876 (Action )>Admin:登录成功!
20220815 13:56:57.066 [UI          ]pid@9876 (Action )>Admin:切换到: 操作记录视图
20220815 13:57:01.470 [UI          ]pid@9876 (Action )>Admin:选择产品为: productname - 10ml
20220815 13:57:04.494 [UI          ]pid@9876 (Action )>Admin:输入产品批次为: 23
20220815 13:57:04.603 [UI          ]pid@9876 (Action )>Admin:启动检测..
20220815 13:57:04.649 [UI          ]pid@9876 (Message)>System:启动检测成功
20220815 13:57:04.654 [UI          ]pid@9876 (Action )>Admin:关闭了: 操作记录视图
20220815 13:57:06.198 [UI          ]pid@9876 (Action )>Admin:切换到: 操作记录视图
20220815 13:57:32.077 [UI          ]pid@9876 (Action )>Admin:关闭了: 操作记录视图
20220815 13:57:33.751 [UI          ]pid@9876 (Action )>Admin:停止检测..
20220815 13:57:33.775 [UI          ]pid@9876 (Message)>System:停止检测成功
20220815 14:22:04.005 [UI          ]pid@22784 (Message)>System:------------ App Start ------------
20220815 14:22:04.687 [UI          ]pid@22784 (Message)>System:系统加载参数失败
20220815 14:22:05.019 [Camera      ]pid@22784 (Error  )>System:未发现任何相机接入!!
20220815 14:22:05.023 [Detect      ]pid@22784 (Message)>System:ExtProcess Server(Ext-Server.0) is listening..
20220815 14:22:05.138 [Detect      ]pid@22784 (Message)>System:socket server[Ext-Server.0] is connected
20220815 14:22:20.400 [UI          ]pid@22784 (Action )>Admin:登录成功!
20220815 14:22:22.534 [UI          ]pid@22784 (Action )>Admin:切换到: 操作记录视图
20220815 14:22:28.804 [UI          ]pid@22784 (Action )>Admin:选择产品为: productname - 10ml
20220815 14:22:31.132 [UI          ]pid@22784 (Action )>Admin:输入产品批次为: 23
20220815 14:22:31.229 [UI          ]pid@22784 (Action )>Admin:启动检测..
20220815 14:22:31.272 [UI          ]pid@22784 (Message)>System:启动检测成功
20220815 14:26:51.013 [UI          ]pid@15136 (Message)>System:------------ App Start ------------
20220815 14:26:51.737 [UI          ]pid@15136 (Message)>System:系统加载参数失败
20220815 14:26:52.089 [Camera      ]pid@15136 (Error  )>System:未发现任何相机接入!!
20220815 14:26:52.094 [Detect      ]pid@15136 (Message)>System:ExtProcess Server(Ext-Server.0) is listening..
20220815 14:26:52.144 [Detect      ]pid@15136 (Message)>System:socket server[Ext-Server.0] is connected
20220815 14:27:12.483 [UI          ]pid@15136 (Action )>Admin:登录成功!
20220815 14:27:14.862 [UI          ]pid@15136 (Action )>Admin:选择产品为: productname - 10ml
20220815 14:27:18.637 [UI          ]pid@15136 (Action )>Admin:输入产品批次为: 23
20220815 14:27:18.717 [UI          ]pid@15136 (Action )>Admin:启动检测..
20220815 14:27:18.760 [UI          ]pid@15136 (Message)>System:启动检测成功
20220815 14:27:20.083 [UI          ]pid@15136 (Action )>Admin:切换到: 操作记录视图
20220815 14:27:24.813 [UI          ]pid@15136 (Action )>Admin:停止检测..
20220815 14:27:24.855 [UI          ]pid@15136 (Message)>System:停止检测成功
20220815 14:30:45.367 [UI          ]pid@13820 (Message)>System:------------ App Start ------------
20220815 14:30:46.277 [UI          ]pid@13820 (Message)>System:系统加载参数失败
20220815 14:30:46.611 [Camera      ]pid@13820 (Error  )>System:未发现任何相机接入!!
20220815 14:30:46.616 [Detect      ]pid@13820 (Message)>System:ExtProcess Server(Ext-Server.0) is listening..
20220815 14:30:46.813 [Detect      ]pid@13820 (Message)>System:socket server[Ext-Server.0] is connected
20220815 14:31:39.725 [UI          ]pid@13820 (Action )>Admin:登录成功!
20220815 14:38:37.404 [UI          ]pid@13820 (Action )>Admin:关闭软件
20220815 14:38:37.418 [UI          ]pid@13820 (Message)>System:------------ App End   ------------
20220815 14:38:50.569 [UI          ]pid@19692 (Message)>System:------------ App Start ------------
20220815 14:38:51.611 [UI          ]pid@19692 (Message)>System:系统加载参数失败
20220815 14:38:51.949 [Camera      ]pid@19692 (Error  )>System:未发现任何相机接入!!
20220815 14:38:51.952 [Detect      ]pid@19692 (Message)>System:ExtProcess Server(Ext-Server.0) is listening..
20220815 14:38:52.105 [Detect      ]pid@19692 (Message)>System:socket server[Ext-Server.0] is connected
20220815 14:40:45.238 [UI          ]pid@19692 (Action )>Admin:登录成功!
20220815 14:40:47.584 [UI          ]pid@19692 (Action )>Admin:选择产品为: productname - 10ml
20220815 14:40:49.416 [UI          ]pid@19692 (Action )>Admin:输入产品批次为: 23
20220815 14:40:49.520 [UI          ]pid@19692 (Action )>Admin:启动检测..
20220815 14:40:49.562 [UI          ]pid@19692 (Message)>System:启动检测成功
20220815 14:41:03.314 [UI          ]pid@19692 (Action )>Admin:切换到: 操作记录视图
20220815 14:41:16.804 [UI          ]pid@19692 (Action )>Admin:停止检测..
20220815 14:41:16.843 [UI          ]pid@19692 (Message)>System:停止检测成功
20220815 14:47:38.606 [UI          ]pid@19692 (Action )>Admin:关闭软件
20220815 14:47:38.618 [UI          ]pid@19692 (Message)>System:------------ App End   ------------
20220815 14:48:14.763 [UI          ]pid@15996 (Message)>System:------------ App Start ------------
20220815 14:48:15.706 [UI          ]pid@15996 (Message)>System:系统加载参数失败
20220815 14:48:16.046 [Camera      ]pid@15996 (Error  )>System:未发现任何相机接入!!
20220815 14:48:16.051 [Detect      ]pid@15996 (Message)>System:ExtProcess Server(Ext-Server.0) is listening..
20220815 14:48:16.663 [Detect      ]pid@15996 (Message)>System:socket server[Ext-Server.0] is connected
20220815 14:48:35.017 [UI          ]pid@15996 (Action )>Admin:登录成功!
20220815 14:48:44.570 [UI          ]pid@15996 (Action )>Admin:选择产品为: productname - 10ml
20220815 14:48:45.729 [UI          ]pid@15996 (Action )>Admin:输入产品批次为: 23
20220815 14:48:45.794 [UI          ]pid@15996 (Action )>Admin:启动检测..
20220815 14:48:45.836 [UI          ]pid@15996 (Message)>System:启动检测成功
20220815 14:48:51.072 [UI          ]pid@15996 (Action )>Admin:切换到: 生产记录视图
20220815 14:48:51.912 [UI          ]pid@15996 (Action )>Admin:关闭了: 生产记录视图
20220815 14:48:51.926 [UI          ]pid@15996 (Action )>Admin:切换到: 操作记录视图
20220815 14:48:55.792 [UI          ]pid@15996 (Action )>Admin:关闭了: 操作记录视图
20220815 14:48:58.355 [UI          ]pid@15996 (Action )>Admin:切换到: 操作记录视图
20220815 14:48:58.722 [UI          ]pid@15996 (Action )>Admin:停止检测..
20220815 14:48:58.774 [UI          ]pid@15996 (Message)>System:停止检测成功
20220815 14:52:40.349 [UI          ]pid@15996 (Action )>Admin:关闭软件
20220815 14:52:40.356 [UI          ]pid@15996 (Message)>System:------------ App End   ------------
20220815 14:52:54.417 [UI          ]pid@19732 (Message)>System:------------ App Start ------------
20220815 14:52:55.762 [UI          ]pid@19732 (Message)>System:系统加载参数失败
20220815 14:52:56.102 [Camera      ]pid@19732 (Error  )>System:未发现任何相机接入!!
20220815 14:52:56.106 [Detect      ]pid@19732 (Message)>System:ExtProcess Server(Ext-Server.0) is listening..
20220815 14:52:56.165 [Detect      ]pid@19732 (Message)>System:socket server[Ext-Server.0] is connected
20220815 14:53:15.466 [UI          ]pid@19732 (Action )>Admin:登录成功!
20220815 14:53:44.581 [UI          ]pid@19732 (Action )>Admin:选择产品为: productname - 10ml
20220815 14:53:46.993 [UI          ]pid@19732 (Action )>Admin:输入产品批次为: 23
20220815 14:53:47.067 [UI          ]pid@19732 (Action )>Admin:启动检测..
20220815 14:53:47.110 [UI          ]pid@19732 (Message)>System:启动检测成功
20220815 14:53:49.565 [UI          ]pid@19732 (Action )>Admin:切换到: 操作记录视图
20220815 14:53:51.566 [UI          ]pid@19732 (Action )>Admin:停止检测..
20220815 14:53:51.604 [UI          ]pid@19732 (Message)>System:停止检测成功
20220815 14:54:44.617 [UI          ]pid@19732 (Action )>Admin:关闭了: 操作记录视图
20220815 14:54:44.627 [UI          ]pid@19732 (Action )>Admin:切换到: 生产记录视图
20220815 15:23:02.870 [UI          ]pid@19732 (Action )>Admin:开始查询生产记录: productname@23[2022/08/14 14:53:05 - 2022/08/15 14:53:05]
20220815 15:23:02.887 [UI          ]pid@19732 (Message)>System: 0 条记录符合条件
20220815 15:23:07.426 [UI          ]pid@19732 (Action )>Admin:开始查询生产记录: productname@23[2022/08/12 14:53:05 - 2022/08/15 14:53:05]
20220815 15:23:07.431 [UI          ]pid@19732 (Message)>System: 1 条记录符合条件
20220815 15:23:09.524 [UI          ]pid@19732 (Action )>Admin:开始对不合格图像进行上传..
20220815 15:23:09.538 [UI          ]pid@19732 (Warning)>System:没有发现U盘!!
20220815 15:23:18.130 [UI          ]pid@19732 (Warning)>System:取消上传不合格图像
20220815 15:42:02.756 [UI          ]pid@19732 (Action )>Admin:关闭软件
20220815 15:42:02.782 [UI          ]pid@19732 (Message)>System:------------ App End   ------------
20220815 15:53:18.572 [UI          ]pid@23864 (Message)>System:------------ App Start ------------
20220815 15:53:37.538 [UI          ]pid@23864 (Message)>System:系统加载参数失败
20220815 15:53:37.879 [Camera      ]pid@23864 (Error  )>System:未发现任何相机接入!!
20220815 15:53:37.884 [Detect      ]pid@23864 (Message)>System:ExtProcess Server(Ext-Server.0) is listening..
20220815 15:53:38.016 [Detect      ]pid@23864 (Message)>System:socket server[Ext-Server.0] is connected
20220815 15:53:51.422 [UI          ]pid@23864 (Message)>System:程式无法启动, 用户登录失败!!
20220815 15:53:52.781 [UI          ]pid@23864 (Message)>System:------------ App End   ------------
20220815 15:54:00.102 [UI          ]pid@4664 (Message)>System:------------ App Start ------------
20220815 15:54:01.190 [UI          ]pid@4664 (Message)>System:系统加载参数失败
20220815 15:54:01.552 [Camera      ]pid@4664 (Error  )>System:未发现任何相机接入!!
20220815 15:54:01.559 [Detect      ]pid@4664 (Message)>System:ExtProcess Server(Ext-Server.0) is listening..
20220815 15:54:01.642 [Detect      ]pid@4664 (Message)>System:socket server[Ext-Server.0] is connected
20220815 15:54:07.903 [UI          ]pid@4664 (Message)>System:程式无法启动, 用户登录失败!!
20220815 15:54:09.617 [UI          ]pid@4664 (Message)>System:------------ App End   ------------
20220815 15:54:32.221 [UI          ]pid@25056 (Message)>System:------------ App Start ------------
20220815 15:54:45.214 [UI          ]pid@25056 (Message)>System:系统加载参数失败
20220815 15:54:45.557 [Camera      ]pid@25056 (Error  )>System:未发现任何相机接入!!
20220815 15:54:45.563 [Detect      ]pid@25056 (Message)>System:ExtProcess Server(Ext-Server.0) is listening..
20220815 15:54:45.620 [Detect      ]pid@25056 (Message)>System:socket server[Ext-Server.0] is connected
20220815 15:55:11.064 [UI          ]pid@25056 (Action )>Admin:登录成功!
20220815 15:56:31.331 [UI          ]pid@25056 (Action )>Admin:切换到: 生产记录视图
20220815 15:56:35.615 [UI          ]pid@25056 (Action )>Admin:关闭了: 生产记录视图
20220815 15:56:35.626 [UI          ]pid@25056 (Action )>Admin:切换到: 操作记录视图
20220815 15:56:36.374 [UI          ]pid@25056 (Action )>Admin:关闭了: 操作记录视图
20220815 15:56:36.377 [UI          ]pid@25056 (Action )>Admin:切换到: 生产记录视图
20220815 16:09:10.653 [UI          ]pid@25056 (Action )>Admin:关闭了: 生产记录视图
20220815 16:09:10.655 [UI          ]pid@25056 (Action )>Admin:切换到: 操作记录视图
20220815 16:12:12.562 [UI          ]pid@25056 (Action )>Admin:关闭了: 操作记录视图
20220815 16:12:12.565 [UI          ]pid@25056 (Action )>Admin:切换到: 生产记录视图
20220815 16:12:22.015 [UI          ]pid@25056 (Action )>Admin:开始查询生产记录: productname@23[2022/08/12 15:54:53 - 2022/08/15 15:54:53]
20220815 16:12:22.022 [UI          ]pid@25056 (Message)>System: 1 条记录符合条件
20220815 16:12:23.653 [UI          ]pid@25056 (Action )>Admin:开始对不合格图像进行上传..
20220815 16:12:23.671 [UI          ]pid@25056 (Warning)>System:没有发现U盘!!
20220815 16:12:33.192 [UI          ]pid@25056 (Warning)>System:取消上传不合格图像
20220815 16:13:26.779 [UI          ]pid@25056 (Action )>Admin:开始对不合格图像进行上传..
20220815 16:14:05.150 [UI          ]pid@25056 (Warning)>System:没有发现U盘!!
20220815 16:14:15.984 [UI          ]pid@25056 (Warning)>System:取消上传不合格图像
20220815 16:14:17.535 [UI          ]pid@25056 (Action )>Admin:关闭了: 生产记录视图
20220815 16:14:17.540 [UI          ]pid@25056 (Action )>Admin:切换到: 操作记录视图
20220815 16:25:16.702 [UI          ]pid@25056 (Action )>Admin:关闭软件
20220815 16:25:16.722 [UI          ]pid@25056 (Message)>System:------------ App End   ------------
20220815 16:25:27.963 [UI          ]pid@25268 (Message)>System:------------ App Start ------------
20220815 16:25:28.745 [UI          ]pid@25268 (Message)>System:系统加载参数失败
20220815 16:25:29.079 [Camera      ]pid@25268 (Error  )>System:未发现任何相机接入!!
20220815 16:25:29.085 [Detect      ]pid@25268 (Message)>System:ExtProcess Server(Ext-Server.0) is listening..
20220815 16:25:29.195 [Detect      ]pid@25268 (Message)>System:socket server[Ext-Server.0] is connected
20220815 16:25:44.642 [UI          ]pid@25268 (Action )>Admin:登录成功!
20220815 16:26:01.342 [UI          ]pid@25268 (Action )>Admin:选择产品为: productname - 10ml
20220815 16:26:04.895 [UI          ]pid@25268 (Action )>Admin:输入产品批次为: 23
20220815 16:26:05.004 [UI          ]pid@25268 (Action )>Admin:切换到: 操作记录视图
20220815 17:38:16.686 [UI          ]pid@25268 (Action )>Admin:关闭软件
20220815 17:38:16.705 [UI          ]pid@25268 (Message)>System:------------ App End   ------------
